2025-03-31 20:38:24,278 - INFO - Logging to file: prosence_2025-03-31_20-38-24.log
2025-03-31 20:38:24,282 - INFO - Presence CSV initialized: Presence_2025-03-31_20-38-24.csv
2025-03-31 20:38:24,285 - INFO - Loading training images and names.
2025-03-31 20:38:24,411 - INFO - Loaded 5 images.
2025-03-31 20:38:24,412 - INFO - Starting image encodings.
2025-03-31 20:38:33,130 - INFO - Image encodings completed.
2025-03-31 20:38:49,948 - INFO - Marking presence for: Nikshay Jain
2025-03-31 20:38:49,950 - INFO - Nikshay Jain presence recorded at 20:38:49
2025-03-31 20:38:53,092 - INFO - Marking presence for: Nikshay Jain
2025-03-31 20:38:56,180 - INFO - Marking presence for: Nikshay Jain
2025-03-31 20:38:59,810 - INFO - Marking presence for: Nikshay Jain
2025-03-31 20:39:03,709 - INFO - Marking presence for: Nikshay Jain
2025-03-31 20:39:25,818 - INFO - Marking presence for: Nikshay Jain
2025-03-31 20:39:31,131 - INFO - Marking presence for: Nikshay Jain
2025-03-31 20:39:33,074 - INFO - Marking presence for: Nikshay Jain
2025-03-31 20:39:38,905 - INFO - Marking presence for: Nikshay Jain
2025-03-31 20:39:44,826 - INFO - Marking presence for: Nikshay Jain
2025-03-31 20:39:49,163 - INFO - Marking presence for: Nikshay Jain
2025-03-31 20:39:53,506 - INFO - Marking presence for: Nikshay Jain
2025-03-31 20:39:57,831 - INFO - Marking presence for: Nikshay Jain
2025-03-31 20:40:06,135 - INFO - Marking presence for: Nikshay Jain
2025-03-31 20:40:14,309 - INFO - Marking presence for: Nikshay Jain
2025-03-31 20:40:18,612 - INFO - Marking presence for: Nikshay Jain
2025-03-31 20:40:22,825 - INFO - Marking presence for: Nikshay Jain
2025-03-31 20:40:26,634 - INFO - Marking presence for: Nikshay Jain
2025-03-31 20:40:30,538 - INFO - Marking presence for: Nikshay Jain
2025-03-31 20:40:34,393 - INFO - Marking presence for: Prashant Jain
2025-03-31 20:40:34,394 - INFO - Prashant Jain presence recorded at 20:40:34
2025-03-31 20:40:38,262 - INFO - Marking presence for: Nikshay Jain
2025-03-31 20:40:42,467 - INFO - Marking presence for: Nikshay Jain
2025-03-31 20:40:47,032 - INFO - Marking presence for: Nikshay Jain
2025-03-31 20:40:50,968 - INFO - Marking presence for: Nikshay Jain
2025-03-31 20:40:54,735 - INFO - Marking presence for: Nikshay Jain
2025-03-31 20:41:02,202 - INFO - Marking presence for: Nikshay Jain
2025-03-31 20:41:06,083 - INFO - Marking presence for: Nikshay Jain
2025-03-31 20:41:10,095 - INFO - Marking presence for: Nikshay Jain
2025-03-31 20:41:14,553 - INFO - Marking presence for: Nikshay Jain
2025-03-31 20:41:18,769 - INFO - Marking presence for: Nikshay Jain
2025-03-31 20:41:23,681 - INFO - Marking presence for: Nikshay Jain
2025-03-31 20:41:28,344 - INFO - Marking presence for: Nikshay Jain
2025-03-31 20:41:32,892 - INFO - Marking presence for: Nikshay Jain
2025-03-31 20:41:37,724 - INFO - Marking presence for: Nikshay Jain
2025-03-31 20:41:42,161 - INFO - Marking presence for: Nikshay Jain
2025-03-31 20:41:46,948 - INFO - Marking presence for: Nikshay Jain
2025-03-31 20:42:00,240 - INFO - Marking presence for: Nikshay Jain
2025-03-31 20:42:05,119 - INFO - Marking presence for: Nikshay Jain
2025-03-31 20:42:10,014 - INFO - Marking presence for: Nikshay Jain
2025-03-31 20:42:14,454 - INFO - Marking presence for: Nikshay Jain
2025-03-31 20:42:18,878 - INFO - Marking presence for: Nikshay Jain
2025-03-31 20:42:23,482 - INFO - Marking presence for: Nikshay Jain
2025-03-31 20:42:32,015 - INFO - Marking presence for: Nikshay Jain
2025-03-31 20:42:36,477 - INFO - Marking presence for: Nikshay Jain
2025-03-31 20:42:40,921 - INFO - Marking presence for: Nikshay Jain
2025-03-31 20:43:03,109 - INFO - Marking presence for: Nikshay Jain
2025-03-31 20:43:05,999 - INFO - Marking presence for: Nikshay Jain
2025-03-31 20:43:12,348 - INFO - Marking presence for: Nikshay Jain
2025-03-31 20:43:15,971 - INFO - Marking presence for: Nikshay Jain
2025-03-31 20:43:19,936 - INFO - Marking presence for: Prashant Jain
2025-03-31 20:43:24,260 - INFO - Marking presence for: Nikshay Jain
