2025-03-31 19:52:44,599 - INFO - Logging to file: prosence_2025-03-31_19-52-44.log
2025-03-31 19:52:44,599 - INFO - Loading training images and names.
2025-03-31 19:52:44,646 - INFO - Loaded 5 images.
2025-03-31 19:52:44,646 - INFO - Starting image encodings.
2025-03-31 19:52:48,653 - INFO - Image encodings completed.
2025-03-31 19:52:49,138 - INFO - Camera opened.
2025-03-31 19:52:49,138 - INFO - Initial frame interval: 18
2025-03-31 19:52:50,613 - INFO - Marking presence for: Nikshay Jain
2025-03-31 19:52:51,086 - WARNING - Adjusted frame interval to 19 due to low FPS.
2025-03-31 19:52:51,738 - INFO - Marking presence for: Nikshay Jain
2025-03-31 19:52:52,824 - INFO - Marking presence for: Nikshay Jain
2025-03-31 19:52:52,968 - WARNING - Adjusted frame interval to 20 due to low FPS.
2025-03-31 19:52:54,062 - INFO - Marking presence for: Nikshay Jain
2025-03-31 19:52:55,145 - INFO - Marking presence for: Nikshay Jain
2025-03-31 19:52:56,307 - INFO - Marking presence for: Nikshay Jain
2025-03-31 19:52:56,309 - WARNING - Adjusted frame interval to 21 due to low FPS.
2025-03-31 19:52:56,903 - INFO - Marking presence for: Nikshay Jain
2025-03-31 19:52:58,183 - WARNING - Adjusted frame interval to 22 due to low FPS.
2025-03-31 19:52:58,707 - INFO - Marking presence for: Nikshay Jain
2025-03-31 19:52:59,865 - INFO - Marking presence for: Nikshay Jain
2025-03-31 19:53:00,060 - WARNING - Adjusted frame interval to 23 due to low FPS.
2025-03-31 19:53:00,627 - INFO - Marking presence for: Nikshay Jain
2025-03-31 19:53:01,893 - INFO - Marking presence for: Nikshay Jain
2025-03-31 19:53:01,996 - WARNING - Adjusted frame interval to 24 due to low FPS.
2025-03-31 19:53:03,791 - INFO - Marking presence for: Nikshay Jain
2025-03-31 19:53:03,791 - WARNING - Adjusted frame interval to 25 due to low FPS.
2025-03-31 19:53:04,638 - INFO - Marking presence for: Nikshay Jain
2025-03-31 19:53:05,383 - WARNING - Adjusted frame interval to 26 due to low FPS.
2025-03-31 19:53:06,335 - INFO - Marking presence for: Nikshay Jain
2025-03-31 19:53:06,753 - INFO - Camera released and windows destroyed.
2025-03-31 19:53:06,755 - INFO - Final Average FPS: 16.23
