2025-03-31 20:27:56,125 - INFO - Logging to file: prosence_2025-03-31_20-27-56.log
2025-03-31 20:27:56,127 - INFO - Presence CSV initialized: Presence_2025-03-31_20-27-56.csv
2025-03-31 20:27:56,128 - INFO - Loading training images and names.
2025-03-31 20:27:56,175 - INFO - Loaded 5 images.
2025-03-31 20:27:56,179 - INFO - Starting image encodings.
2025-03-31 20:28:00,891 - INFO - Image encodings completed.
2025-03-31 20:28:14,107 - INFO - Marking presence for: Nikshay Jain
2025-03-31 20:28:14,109 - INFO - Nikshay Jain presence recorded at 20:28:14
2025-03-31 20:28:14,927 - INFO - Marking presence for: Nikshay Jain
2025-03-31 20:28:15,691 - INFO - Marking presence for: Nikshay Jain
2025-03-31 20:28:16,467 - INFO - Marking presence for: Nikshay Jain
2025-03-31 20:28:17,449 - INFO - Marking presence for: Nikshay Jain
2025-03-31 20:28:19,294 - INFO - Marking presence for: Nikshay Jain
2025-03-31 20:28:20,119 - INFO - Marking presence for: Nikshay Jain
2025-03-31 20:28:20,964 - INFO - Marking presence for: Nikshay Jain
2025-03-31 20:28:21,860 - INFO - Marking presence for: Nikshay Jain
2025-03-31 20:28:23,116 - INFO - Marking presence for: Nikshay Jain
2025-03-31 20:28:24,349 - INFO - Marking presence for: Nikshay Jain
2025-03-31 20:28:26,323 - INFO - Marking presence for: Nikshay Jain
2025-03-31 20:28:28,201 - INFO - Marking presence for: Nikshay Jain
2025-03-31 20:28:29,517 - INFO - Marking presence for: Nikshay Jain
2025-03-31 20:28:30,831 - INFO - Marking presence for: Nikshay Jain
2025-03-31 20:28:32,293 - INFO - Marking presence for: Nikshay Jain
2025-03-31 20:28:33,669 - INFO - Marking presence for: Nikshay Jain
2025-03-31 20:28:35,285 - INFO - Marking presence for: Nikshay Jain
2025-03-31 20:28:36,996 - INFO - Marking presence for: Nikshay Jain
2025-03-31 20:28:38,753 - INFO - Marking presence for: Nikshay Jain
2025-03-31 20:28:39,993 - INFO - Marking presence for: Nikshay Jain
2025-03-31 20:28:41,659 - INFO - Marking presence for: Nikshay Jain
2025-03-31 20:28:43,251 - INFO - Marking presence for: Nikshay Jain
2025-03-31 20:28:44,702 - INFO - Marking presence for: Nikshay Jain
2025-03-31 20:28:45,994 - INFO - Marking presence for: Nikshay Jain
2025-03-31 20:28:47,196 - INFO - Marking presence for: Nikshay Jain
2025-03-31 20:28:48,494 - INFO - Marking presence for: Nikshay Jain
2025-03-31 20:28:49,532 - INFO - Marking presence for: Nikshay Jain
2025-03-31 20:28:50,431 - INFO - Marking presence for: Nikshay Jain
2025-03-31 20:28:51,154 - INFO - Marking presence for: Nikshay Jain
2025-03-31 20:28:51,888 - INFO - Marking presence for: Nikshay Jain
2025-03-31 20:28:52,580 - INFO - Marking presence for: Nikshay Jain
2025-03-31 20:28:53,356 - INFO - Marking presence for: Nikshay Jain
2025-03-31 20:28:54,110 - INFO - Marking presence for: Nikshay Jain
2025-03-31 20:28:54,859 - INFO - Marking presence for: Nikshay Jain
2025-03-31 20:28:55,695 - INFO - Marking presence for: Nikshay Jain
2025-03-31 20:28:56,597 - INFO - Marking presence for: Nikshay Jain
2025-03-31 20:28:57,694 - INFO - Marking presence for: Nikshay Jain
2025-03-31 20:28:58,741 - INFO - Marking presence for: Nikshay Jain
2025-03-31 20:28:59,461 - INFO - Marking presence for: Nikshay Jain
2025-03-31 20:29:00,192 - INFO - Marking presence for: Nikshay Jain
2025-03-31 20:29:01,005 - INFO - Marking presence for: Nikshay Jain
2025-03-31 20:29:01,692 - INFO - Marking presence for: Nikshay Jain
2025-03-31 20:29:02,360 - INFO - Marking presence for: Nikshay Jain
2025-03-31 20:29:03,070 - INFO - Marking presence for: Nikshay Jain
2025-03-31 20:29:03,940 - INFO - Marking presence for: Nikshay Jain
2025-03-31 20:29:05,044 - INFO - Marking presence for: Nikshay Jain
2025-03-31 20:29:06,000 - INFO - Marking presence for: Nikshay Jain
2025-03-31 20:29:06,898 - INFO - Marking presence for: Nikshay Jain
2025-03-31 20:29:07,812 - INFO - Marking presence for: Nikshay Jain
2025-03-31 20:29:08,638 - INFO - Marking presence for: Nikshay Jain
2025-03-31 20:29:10,031 - INFO - Marking presence for: Nikshay Jain
2025-03-31 20:29:11,119 - INFO - Marking presence for: Nikshay Jain
2025-03-31 20:29:11,945 - INFO - Marking presence for: Nikshay Jain
2025-03-31 20:29:12,800 - INFO - Marking presence for: Nikshay Jain
2025-03-31 20:29:13,808 - INFO - Marking presence for: Nikshay Jain
2025-03-31 20:29:14,892 - INFO - Marking presence for: Nikshay Jain
2025-03-31 20:29:15,872 - INFO - Marking presence for: Nikshay Jain
2025-03-31 20:29:16,772 - INFO - Marking presence for: Nikshay Jain
2025-03-31 20:29:17,728 - INFO - Marking presence for: Nikshay Jain
2025-03-31 20:29:18,504 - INFO - Marking presence for: Nikshay Jain
2025-03-31 20:29:19,191 - INFO - Marking presence for: Nikshay Jain
2025-03-31 20:29:19,829 - INFO - Marking presence for: Nikshay Jain
2025-03-31 20:29:20,643 - INFO - Marking presence for: Nikshay Jain
2025-03-31 20:29:21,748 - INFO - Marking presence for: Nikshay Jain
2025-03-31 20:29:25,649 - INFO - Marking presence for: Nikshay Jain
2025-03-31 20:29:28,222 - INFO - Marking presence for: Nikshay Jain
2025-03-31 20:29:29,085 - INFO - Marking presence for: Nikshay Jain
2025-03-31 20:29:29,876 - INFO - Marking presence for: Nikshay Jain
2025-03-31 20:29:30,711 - INFO - Marking presence for: Nikshay Jain
2025-03-31 20:29:31,557 - INFO - Marking presence for: Prashant Jain
2025-03-31 20:29:31,558 - INFO - Prashant Jain presence recorded at 20:29:31
2025-03-31 20:29:32,387 - INFO - Marking presence for: Prashant Jain
2025-03-31 20:29:33,234 - INFO - Marking presence for: Nikshay Jain
2025-03-31 20:29:34,183 - INFO - Marking presence for: Nikshay Jain
2025-03-31 20:29:35,166 - INFO - Marking presence for: Nikshay Jain
2025-03-31 20:29:36,128 - INFO - Marking presence for: Nikshay Jain
2025-03-31 20:29:37,156 - INFO - Marking presence for: Nikshay Jain
2025-03-31 20:29:38,144 - INFO - Marking presence for: Nikshay Jain
2025-03-31 20:29:39,129 - INFO - Marking presence for: Nikshay Jain
2025-03-31 20:29:40,052 - INFO - Marking presence for: Nikshay Jain
2025-03-31 20:29:40,999 - INFO - Marking presence for: Nikshay Jain
2025-03-31 20:29:42,200 - INFO - Marking presence for: Nikshay Jain
2025-03-31 20:29:43,463 - INFO - Marking presence for: Nikshay Jain
2025-03-31 20:29:44,670 - INFO - Marking presence for: Nikshay Jain
2025-03-31 20:29:46,059 - INFO - Marking presence for: Nikshay Jain
2025-03-31 20:29:47,360 - INFO - Marking presence for: Nikshay Jain
2025-03-31 20:29:48,420 - INFO - Marking presence for: Nikshay Jain
2025-03-31 20:29:49,256 - INFO - Marking presence for: Nikshay Jain
2025-03-31 20:29:50,210 - INFO - Marking presence for: Nikshay Jain
2025-03-31 20:29:51,182 - INFO - Marking presence for: Nikshay Jain
2025-03-31 20:29:52,131 - INFO - Marking presence for: Nikshay Jain
2025-03-31 20:29:53,369 - INFO - Marking presence for: Nikshay Jain
2025-03-31 20:29:54,329 - INFO - Marking presence for: Nikshay Jain
2025-03-31 20:29:55,683 - INFO - Marking presence for: Nikshay Jain
2025-03-31 20:29:56,823 - INFO - Marking presence for: Nikshay Jain
2025-03-31 20:29:57,949 - INFO - Marking presence for: Nikshay Jain
2025-03-31 20:29:59,294 - INFO - Marking presence for: Nikshay Jain
2025-03-31 20:30:00,390 - INFO - Marking presence for: Nikshay Jain
2025-03-31 20:30:01,444 - INFO - Marking presence for: Nikshay Jain
2025-03-31 20:30:02,620 - INFO - Marking presence for: Nikshay Jain
2025-03-31 20:30:03,955 - INFO - Marking presence for: Nikshay Jain
2025-03-31 20:30:05,069 - INFO - Marking presence for: Nikshay Jain
2025-03-31 20:30:06,222 - INFO - Marking presence for: Nikshay Jain
2025-03-31 20:30:07,369 - INFO - Marking presence for: Nikshay Jain
2025-03-31 20:30:08,414 - INFO - Marking presence for: Nikshay Jain
2025-03-31 20:30:09,297 - INFO - Marking presence for: Nikshay Jain
2025-03-31 20:30:10,192 - INFO - Marking presence for: Nikshay Jain
2025-03-31 20:30:11,073 - INFO - Marking presence for: Nikshay Jain
2025-03-31 20:30:12,065 - INFO - Marking presence for: Nikshay Jain
2025-03-31 20:30:13,030 - INFO - Marking presence for: Nikshay Jain
2025-03-31 20:30:14,028 - INFO - Marking presence for: Nikshay Jain
2025-03-31 20:30:15,002 - INFO - Marking presence for: Nikshay Jain
2025-03-31 20:30:15,928 - INFO - Marking presence for: Nikshay Jain
2025-03-31 20:30:16,856 - INFO - Marking presence for: Nikshay Jain
2025-03-31 20:30:17,901 - INFO - Marking presence for: Nikshay Jain
2025-03-31 20:30:18,851 - INFO - Marking presence for: Nikshay Jain
2025-03-31 20:30:20,342 - INFO - Marking presence for: Nikshay Jain
2025-03-31 20:30:21,265 - INFO - Marking presence for: Nikshay Jain
2025-03-31 20:30:22,025 - INFO - Marking presence for: Nikshay Jain
2025-03-31 20:30:23,005 - INFO - Marking presence for: Nikshay Jain
2025-03-31 20:30:24,037 - INFO - Marking presence for: Nikshay Jain
2025-03-31 20:30:25,162 - INFO - Marking presence for: Nikshay Jain
