2025-03-31 20:04:42,878 - INFO - Logging to file: prosence_2025-03-31_20-04-42.log
2025-03-31 20:04:42,881 - INFO - Presence CSV initialized: Presence_2025-03-31_20-04-42.csv
2025-03-31 20:04:42,881 - INFO - Loading training images and names.
2025-03-31 20:04:42,932 - INFO - Loaded 5 images.
2025-03-31 20:04:42,932 - INFO - Starting image encodings.
2025-03-31 20:04:47,066 - INFO - Image encodings completed.
2025-03-31 20:04:47,506 - INFO - Camera opened.
2025-03-31 20:04:47,506 - INFO - Initial frame interval: 18
2025-03-31 20:04:49,056 - INFO - Marking presence for: Nikshay Jain
2025-03-31 20:04:49,058 - INFO - Nikshay Jain presence recorded at 20:04:49
2025-03-31 20:04:49,427 - WARNING - Adjusted frame interval to 19 due to low FPS.
2025-03-31 20:04:50,141 - INFO - Marking presence for: Nikshay Jain
2025-03-31 20:04:53,747 - WARNING - Adjusted frame interval to 18 due to high FPS.
2025-03-31 20:04:54,868 - WARNING - Adjusted frame interval to 17 due to high FPS.
2025-03-31 20:04:55,853 - WARNING - Adjusted frame interval to 16 due to high FPS.
2025-03-31 20:04:57,375 - WARNING - Adjusted frame interval to 15 due to high FPS.
2025-03-31 20:04:58,585 - WARNING - Adjusted frame interval to 14 due to high FPS.
2025-03-31 20:05:01,069 - INFO - Marking presence for: Nikshay Jain
2025-03-31 20:05:01,257 - WARNING - Adjusted frame interval to 15 due to low FPS.
2025-03-31 20:05:02,558 - INFO - Marking presence for: Nikshay Jain
2025-03-31 20:05:03,249 - WARNING - Adjusted frame interval to 16 due to low FPS.
2025-03-31 20:05:05,065 - WARNING - Adjusted frame interval to 15 due to high FPS.
2025-03-31 20:05:06,840 - INFO - Marking presence for: Nikshay Jain
2025-03-31 20:05:06,840 - WARNING - Adjusted frame interval to 14 due to high FPS.
2025-03-31 20:05:07,433 - INFO - Marking presence for: Nikshay Jain
2025-03-31 20:05:08,440 - INFO - Marking presence for: Nikshay Jain
2025-03-31 20:05:08,851 - WARNING - Adjusted frame interval to 15 due to low FPS.
2025-03-31 20:05:10,165 - INFO - Camera released and windows destroyed.
2025-03-31 20:05:10,173 - INFO - Final Average FPS: 17.87
