2025-03-31 20:35:03,860 - INFO - Logging to file: prosence_2025-03-31_20-35-03.log
2025-03-31 20:35:03,862 - INFO - Presence CSV initialized: Presence_2025-03-31_20-35-03.csv
2025-03-31 20:35:03,864 - INFO - Loading training images and names.
2025-03-31 20:35:03,931 - INFO - Loaded 5 images.
2025-03-31 20:35:03,931 - INFO - Starting image encodings.
2025-03-31 20:35:11,574 - INFO - Image encodings completed.
2025-03-31 20:35:26,764 - INFO - Marking presence for: Nikshay Jain
2025-03-31 20:35:26,764 - INFO - Nikshay Jain presence recorded at 20:35:26
2025-03-31 20:35:29,984 - INFO - Marking presence for: Nikshay Jain
2025-03-31 20:35:32,964 - INFO - Marking presence for: Nikshay Jain
2025-03-31 20:35:36,485 - INFO - Marking presence for: Nikshay Jain
2025-03-31 20:35:40,242 - INFO - Marking presence for: Nikshay Jain
2025-03-31 20:35:44,300 - INFO - Marking presence for: Nikshay Jain
2025-03-31 20:35:48,792 - INFO - Marking presence for: Nikshay Jain
2025-03-31 20:35:53,302 - INFO - Marking presence for: Nikshay Jain
2025-03-31 20:35:58,050 - INFO - Marking presence for: Nikshay Jain
2025-03-31 20:36:03,278 - INFO - Marking presence for: Nikshay Jain
2025-03-31 20:36:08,583 - INFO - Marking presence for: Nikshay Jain
2025-03-31 20:36:10,559 - INFO - Marking presence for: Nikshay Jain
2025-03-31 20:36:16,245 - INFO - Marking presence for: Nikshay Jain
2025-03-31 20:36:22,202 - INFO - Marking presence for: Nikshay Jain
2025-03-31 20:36:26,716 - INFO - Marking presence for: Nikshay Jain
2025-03-31 20:36:31,315 - INFO - Marking presence for: Nikshay Jain
2025-03-31 20:36:35,950 - INFO - Marking presence for: Nikshay Jain
2025-03-31 20:36:41,201 - INFO - Marking presence for: Nikshay Jain
2025-03-31 20:36:45,797 - INFO - Marking presence for: Nikshay Jain
2025-03-31 20:36:50,681 - INFO - Marking presence for: Nikshay Jain
2025-03-31 20:36:56,435 - INFO - Marking presence for: Nikshay Jain
2025-03-31 20:37:02,299 - INFO - Marking presence for: Nikshay Jain
2025-03-31 20:37:07,441 - INFO - Marking presence for: Nikshay Jain
2025-03-31 20:37:13,135 - INFO - Marking presence for: Nikshay Jain
2025-03-31 20:37:18,321 - INFO - Marking presence for: Nikshay Jain
2025-03-31 20:37:23,946 - INFO - Marking presence for: Nikshay Jain
2025-03-31 20:37:29,328 - INFO - Marking presence for: Nikshay Jain
2025-03-31 20:37:34,312 - INFO - Marking presence for: Nikshay Jain
2025-03-31 20:37:39,288 - INFO - Marking presence for: Nikshay Jain
2025-03-31 20:37:44,158 - INFO - Marking presence for: Nikshay Jain
2025-03-31 20:37:48,946 - INFO - Marking presence for: Nikshay Jain
2025-03-31 20:37:59,070 - INFO - Marking presence for: Nikshay Jain
2025-03-31 20:38:04,515 - INFO - Marking presence for: Nikshay Jain
2025-03-31 20:38:09,592 - INFO - Marking presence for: Nikshay Jain
2025-03-31 20:38:14,320 - INFO - Marking presence for: Nikshay Jain
